<?xml version="1.0" encoding="UTF-8"?>
<testsuite xmlns:xsi="http://www.w3.org/2001/XMLSchema-instance" xsi:noNamespaceSchemaLocation="https://maven.apache.org/surefire/maven-surefire-plugin/xsd/surefire-test-report.xsd" version="3.0.2" name="ca.kodingkrafters.inc.vcms.backend.service.PostServiceTest" time="0.108" tests="5" errors="0" skipped="0" failures="0">
  <properties>
[...]
</properties>
  <testcase name="testGetSupportedPlatforms_shouldReturnCorrectPlatforms" classname="ca.kodingkrafters.inc.vcms.backend.service.PostServiceTest" time="0.094"/>
  <testcase name="testCreatePost_withValidRequest_shouldCallPostImmediately" classname="ca.kodingkrafters.inc.vcms.backend.service.PostServiceTest" time="0.008">
    <system-out><![CDATA[2025-04-25T23:40:55.165-04:00  INFO 46198 --- [           main] c.k.i.vcms.backend.service.PostService   : Received post request: message=Test Message, mediaUrls=[], platforms=[Twitter], scheduleTime=null
2025-04-25T23:40:55.165-04:00  WARN 46198 --- [           main] c.k.i.vcms.backend.service.PostService   : Platform 'Twitter' is not supported.
]]></system-out>
  </testcase>
  <testcase name="testCreatePost_withValidRequest_shouldCallSchedulePost" classname="ca.kodingkrafters.inc.vcms.backend.service.PostServiceTest" time="0.003">
    <system-out><![CDATA[2025-04-25T23:40:55.173-04:00  INFO 46198 --- [           main] c.k.i.vcms.backend.service.PostService   : Received post request: message=Test Message, mediaUrls=[], platforms=[X], scheduleTime=Sat Apr 26 00:40:55 EDT 2025
2025-04-25T23:40:55.173-04:00  WARN 46198 --- [           main] c.k.i.vcms.backend.service.PostService   : Platform 'X' is not supported.
2025-04-25T23:40:55.174-04:00  INFO 46198 --- [           main] c.k.i.vcms.backend.service.PostService   : Post scheduled successfully for Sat Apr 26 00:40:55 EDT 2025 for id: aa13bfe5-eaf7-4746-a6cd-049daacd1007
]]></system-out>
  </testcase>
  <testcase name="testSchedulePost_shouldSavePostAndScheduleTask" classname="ca.kodingkrafters.inc.vcms.backend.service.PostServiceTest" time="0.001">
    <system-out><![CDATA[2025-04-25T23:40:55.176-04:00  INFO 46198 --- [           main] c.k.i.vcms.backend.service.PostService   : Received post request: message=Test Message, mediaUrls=[url1, url2], platforms=[Twitter, Instagram], scheduleTime=Fri Apr 25 23:45:55 EDT 2025
2025-04-25T23:40:55.176-04:00  INFO 46198 --- [           main] c.k.i.vcms.backend.service.PostService   : Post scheduled successfully for Fri Apr 25 23:45:55 EDT 2025 for id: 168ce61e-a557-4652-8e10-d7fc6ddffac2
2025-04-25T23:40:55.177-04:00  INFO 46198 --- [           main] c.k.i.vcms.backend.service.PostService   : Executing scheduled post for id: 168ce61e-a557-4652-8e10-d7fc6ddffac2
2025-04-25T23:40:55.177-04:00  WARN 46198 --- [           main] c.k.i.vcms.backend.service.PostService   : Platform 'Twitter' is not supported.
2025-04-25T23:40:55.177-04:00  INFO 46198 --- [           main] c.k.i.vcms.backend.service.PostService   : Posting to Instagram: message=Test Message, mediaUrls=[url1, url2]
]]></system-out>
  </testcase>
  <testcase name="testCreatePost_withNoPlatforms_shouldThrowException" classname="ca.kodingkrafters.inc.vcms.backend.service.PostServiceTest" time="0.0">
    <system-out><![CDATA[2025-04-25T23:40:55.178-04:00  INFO 46198 --- [           main] c.k.i.vcms.backend.service.PostService   : Received post request: message=Test Message, mediaUrls=[], platforms=null, scheduleTime=null
]]></system-out>
  </testcase>
</testsuite>